<?xml version="1.0" encoding="UTF-8"?>
<testng-results skipped="0" failed="0" total="3" passed="3">
  <reporter-output>
    <line>
      <![CDATA[2017/07/14 21:50:42:-Logged in Successfully]]>
    </line>
    <line>
      <![CDATA[Account name exist... ]]>
    </line>
    <line>
      <![CDATA[Account name exist... ]]>
    </line>
  </reporter-output>
  <suite name="PD Tests" duration-ms="94112" started-at="2017-07-14T16:20:23Z" finished-at="2017-07-14T16:21:57Z">
    <groups>
    </groups>
    <test name="Initialize" duration-ms="18587" started-at="2017-07-14T16:20:23Z" finished-at="2017-07-14T16:20:42Z">
      <class name="com.phm.hec.testcases.initiate">
        <test-method status="PASS" signature="beforeTest()[pri:0, instance:com.phm.hec.testcases.initiate@2d928643]" name="beforeTest" is-config="true" duration-ms="1" started-at="2017-07-14T21:50:23Z" finished-at="2017-07-14T21:50:23Z">
          <reporter-output>
          </reporter-output>
        </test-method> <!-- beforeTest -->
        <test-method status="PASS" signature="beforeClass()[pri:0, instance:com.phm.hec.testcases.initiate@2d928643]" name="beforeClass" is-config="true" duration-ms="1" started-at="2017-07-14T21:50:23Z" finished-at="2017-07-14T21:50:23Z">
          <reporter-output>
          </reporter-output>
        </test-method> <!-- beforeClass -->
        <test-method status="PASS" signature="beforeMethod(java.lang.reflect.Method)[pri:0, instance:com.phm.hec.testcases.initiate@2d928643]" name="beforeMethod" is-config="true" duration-ms="3" started-at="2017-07-14T21:50:23Z" finished-at="2017-07-14T21:50:23Z">
          <params>
            <param index="0">
              <value>
                <![CDATA[public void com.phm.hec.testcases.initiate.loginn() throws java.lang.Exception]]>
              </value>
            </param>
          </params>
          <reporter-output>
          </reporter-output>
        </test-method> <!-- beforeMethod -->
        <test-method status="PASS" signature="loginn()[pri:0, instance:com.phm.hec.testcases.initiate@2d928643]" name="loginn" duration-ms="18570" started-at="2017-07-14T21:50:23Z" finished-at="2017-07-14T21:50:42Z">
          <reporter-output>
            <line>
              <![CDATA[2017/07/14 21:50:42:-Logged in Successfully]]>
            </line>
          </reporter-output>
        </test-method> <!-- loginn -->
        <test-method status="PASS" signature="afterClass()[pri:0, instance:com.phm.hec.testcases.initiate@2d928643]" name="afterClass" is-config="true" duration-ms="0" started-at="2017-07-14T21:50:42Z" finished-at="2017-07-14T21:50:42Z">
          <reporter-output>
          </reporter-output>
        </test-method> <!-- afterClass -->
        <test-method status="PASS" signature="afterTest()[pri:0, instance:com.phm.hec.testcases.initiate@2d928643]" name="afterTest" is-config="true" duration-ms="0" started-at="2017-07-14T21:50:42Z" finished-at="2017-07-14T21:50:42Z">
          <reporter-output>
          </reporter-output>
        </test-method> <!-- afterTest -->
      </class> <!-- com.phm.hec.testcases.initiate -->
    </test> <!-- Initialize -->
    <test name="TC16" duration-ms="73451" started-at="2017-07-14T16:20:42Z" finished-at="2017-07-14T16:21:55Z">
      <class name="com.phm.hec.PD.Testcases.TC16AddAccount">
        <test-method status="PASS" signature="AddAccount()[pri:0, instance:com.phm.hec.PD.Testcases.TC16AddAccount@53f65459]" name="AddAccount" duration-ms="73449" started-at="2017-07-14T21:50:42Z" finished-at="2017-07-14T21:51:55Z">
          <reporter-output>
            <line>
              <![CDATA[Account name exist... ]]>
            </line>
            <line>
              <![CDATA[Account name exist... ]]>
            </line>
          </reporter-output>
        </test-method> <!-- AddAccount -->
      </class> <!-- com.phm.hec.PD.Testcases.TC16AddAccount -->
    </test> <!-- TC16 -->
    <test name="EndTestSuite" duration-ms="2054" started-at="2017-07-14T16:21:55Z" finished-at="2017-07-14T16:21:57Z">
      <class name="com.phm.hec.testcases.EndTestSuiteRun">
        <test-method status="PASS" signature="EndTestSuite()[pri:0, instance:com.phm.hec.testcases.EndTestSuiteRun@2833cc44]" name="EndTestSuite" duration-ms="2052" started-at="2017-07-14T21:51:55Z" finished-at="2017-07-14T21:51:57Z">
          <reporter-output>
          </reporter-output>
        </test-method> <!-- EndTestSuite -->
      </class> <!-- com.phm.hec.testcases.EndTestSuiteRun -->
      <class name="com.phm.hec.testcases.initiate">
        <test-method status="PASS" signature="beforeSuite()[pri:0, instance:com.phm.hec.testcases.initiate@2d928643]" name="beforeSuite" is-config="true" duration-ms="51" started-at="2017-07-14T21:50:23Z" finished-at="2017-07-14T21:50:23Z">
          <reporter-output>
          </reporter-output>
        </test-method> <!-- beforeSuite -->
      </class> <!-- com.phm.hec.testcases.initiate -->
    </test> <!-- EndTestSuite -->
  </suite> <!-- PD Tests -->
</testng-results>
